# JRE version: Java(TM) SE Runtime Environment 18.9 (11.0.10+8) (build 11.0.10+8-LTS-162)
# Java VM: Java HotSpot(TM) 64-Bit Server VM 18.9 (11.0.10+8-LTS-162, mixed mode, tiered, compressed oops, g1 gc, bsd-amd64)
Heap:
 garbage-first heap   total 131072K, used 16253K [0x0000000780000000, 0x0000000800000000)
  region size 1024K, 12 young (12288K), 5 survivors (5120K)
 Metaspace       used 36302K, capacity 37213K, committed 37456K, reserved 1081344K
  class space    used 4564K, capacity 4970K, committed 5024K, reserved 1048576K
GC Heap History (6 events):
Event: 1.643 GC heap before
{Heap before GC invocations=0 (full 0):
 garbage-first heap   total 131072K, used 23552K [0x0000000780000000, 0x0000000800000000)
  region size 1024K, 24 young (24576K), 0 survivors (0K)
 Metaspace       used 13981K, capacity 14343K, committed 14720K, reserved 1062912K
  class space    used 1402K, capacity 1551K, committed 1664K, reserved 1048576K
}
Event: 1.654 GC heap after
{Heap after GC invocations=1 (full 0):
 garbage-first heap   total 131072K, used 4070K [0x0000000780000000, 0x0000000800000000)
  region size 1024K, 3 young (3072K), 3 survivors (3072K)
 Metaspace       used 13981K, capacity 14343K, committed 14720K, reserved 1062912K
  class space    used 1402K, capacity 1551K, committed 1664K, reserved 1048576K
}
Event: 3.159 GC heap before
{Heap before GC invocations=1 (full 0):
 garbage-first heap   total 131072K, used 18406K [0x0000000780000000, 0x0000000800000000)
  region size 1024K, 18 young (18432K), 3 survivors (3072K)
 Metaspace       used 20662K, capacity 21128K, committed 21296K, reserved 1069056K
  class space    used 2189K, capacity 2382K, committed 2432K, reserved 1048576K
}
Event: 3.163 GC heap after
{Heap after GC invocations=2 (full 0):
 garbage-first heap   total 131072K, used 5644K [0x0000000780000000, 0x0000000800000000)
  region size 1024K, 5 young (5120K), 5 survivors (5120K)
 Metaspace       used 20662K, capacity 21128K, committed 21296K, reserved 1069056K
  class space    used 2189K, capacity 2382K, committed 2432K, reserved 1048576K
}
Event: 6.731 GC heap before
{Heap before GC invocations=3 (full 0):
 garbage-first heap   total 131072K, used 38412K [0x0000000780000000, 0x0000000800000000)
  region size 1024K, 38 young (38912K), 5 survivors (5120K)
 Metaspace       used 35059K, capacity 35917K, committed 36048K, reserved 1081344K
  class space    used 4438K, capacity 4838K, committed 4896K, reserved 1048576K
}
Event: 6.756 GC heap after
{Heap after GC invocations=4 (full 0):
 garbage-first heap   total 131072K, used 10109K [0x0000000780000000, 0x0000000800000000)
  region size 1024K, 5 young (5120K), 5 survivors (5120K)
 Metaspace       used 35059K, capacity 35917K, committed 36048K, reserved 1081344K
  class space    used 4438K, capacity 4838K, committed 4896K, reserved 1048576K
}

